[13:28:06] [User Authenticator #9/INFO]: UUID of player Piquero is d0f7a72b-6126-300a-8cf1-ea8abe19f371
[13:28:06] [Server thread/INFO]: Piquero[/83.23.237.57:22338] logged in with entity id 97652 at ([world]-1419.0130374358969, 70.0, 2075.0695718339853)
[13:38:11] [User Authenticator #10/INFO]: UUID of player Piquero is d0f7a72b-6126-300a-8cf1-ea8abe19f371
[13:38:11] [Server thread/INFO]: Piquero lost connection: Timed out
[13:38:11] [Server thread/INFO]: Piquero left the game
[13:38:11] [Server thread/INFO]: Piquero[/83.23.237.57:22357] logged in with entity id 99273 at ([world]-1596.2646935323703, 64.0, 2125.8430157468283)
[13:39:01] [Server thread/INFO]: Piquero lost connection: Timed out
[13:39:01] [Server thread/INFO]: Piquero left the game.
[13:39:01] [Server thread/WARN]: handleDisconnection() called twice
[13:39:09] [User Authenticator #11/INFO]: UUID of player Piquero is d0f7a72b-6126-300a-8cf1-ea8abe19f371
[13:39:10] [Server thread/INFO]: Piquero[/37.248.160.167:5709] logged in with entity id 99379 at ([world]-1595.7886028402984, 64.0, 2125.806249003919)
[13:53:11] [Server thread/INFO]: Saving the game (this may take a moment!)
[13:53:11] [Server thread/INFO]: Saved the game
[14:08:11] [Server thread/INFO]: Saving the game (this may take a moment!)
[14:08:11] [Server thread/INFO]: Saved the game
[14:23:11] [Server thread/INFO]: Saving the game (this may take a moment!)
[14:23:11] [Server thread/INFO]: Saved the game
[14:38:11] [Server thread/INFO]: Saving the game (this may take a moment!)
[14:38:11] [Server thread/INFO]: Saved the game
[14:46:43] [Server thread/INFO]: Piquero lost connection: Disconnected
[14:46:43] [Server thread/INFO]: Piquero left the game
[19:01:11] [User Authenticator #12/INFO]: UUID of player Piquero is d0f7a72b-6126-300a-8cf1-ea8abe19f371
[19:01:11] [Server thread/INFO]: Piquero[/83.23.237.57:21971] logged in with entity id 113989 at ([world]-288.30000001192093, 63.0, 1028.7680233854594)
[19:13:55] [User Authenticator #13/INFO]: UUID of player Unreconstructed is b046a6ce-7c4a-3211-b772-5ab61d43896d
[19:13:55] [Server thread/INFO]: Unreconstructed[/217.97.84.38:1209] logged in with entity id 117688 at ([world]-72.16182378816856, 115.9375, 52.36581158004072)
[19:16:11] [Server thread/INFO]: Saving the game (this may take a moment!)
[19:16:11] [Server thread/INFO]: Saved the game
[19:31:11] [Server thread/INFO]: Saving the game (this may take a moment!)
[19:31:11] [Server thread/INFO]: Saved the game
[19:46:05] [Server thread/ERROR]: No key placement in MapLike[{config:{state_provider:{state:{Name:"minecraft:hay_block",Properties:{axis:"y"}},type:"minecraft:rotated_block_provider"}},type:"minecraft:block_pile"}]; No key feature in MapLike[{config:{state_provider:{state:{Name:"minecraft:hay_block",Properties:{axis:"y"}},type:"minecraft:rotated_block_provider"}},type:"minecraft:block_pile"}]
[19:46:05] [Server thread/ERROR]: Exception loading structure piece with id minecraft:jigsaw
java.lang.IllegalStateException: Invalid pool element found
	at net.minecraft.world.level.levelgen.structure.WorldGenFeaturePillagerOutpostPoolPiece.k(SourceFile:54) ~[spigot-1.18.2-R0.1-SNAPSHOT.jar:3467-Spigot-ffceeae-e6cc7c7]
	at java.util.Optional.orElseThrow(Optional.java:403) ~[?:?]
	at net.minecraft.world.level.levelgen.structure.WorldGenFeaturePillagerOutpostPoolPiece.<init>(SourceFile:54) ~[spigot-1.18.2-R0.1-SNAPSHOT.jar:3467-Spigot-ffceeae-e6cc7c7]
	at net.minecraft.world.level.levelgen.structure.pieces.PiecesContainer.a(SourceFile:73) ~[spigot-1.18.2-R0.1-SNAPSHOT.jar:3467-Spigot-ffceeae-e6cc7c7]
	at net.minecraft.world.level.levelgen.feature.StructureGenerator.a(SourceFile:129) ~[spigot-1.18.2-R0.1-SNAPSHOT.jar:3467-Spigot-ffceeae-e6cc7c7]
	at net.minecraft.world.level.chunk.storage.ChunkRegionLoader.a(ChunkRegionLoader.java:574) ~[spigot-1.18.2-R0.1-SNAPSHOT.jar:3467-Spigot-ffceeae-e6cc7c7]
	at net.minecraft.world.level.chunk.storage.ChunkRegionLoader.a(ChunkRegionLoader.java:250) ~[spigot-1.18.2-R0.1-SNAPSHOT.jar:3467-Spigot-ffceeae-e6cc7c7]
	at net.minecraft.server.level.PlayerChunkMap.lambda$23(PlayerChunkMap.java:617) ~[spigot-1.18.2-R0.1-SNAPSHOT.jar:3467-Spigot-ffceeae-e6cc7c7]
	at java.util.concurrent.CompletableFuture$AsyncSupply.run(CompletableFuture.java:1768) ~[?:?]
	at net.minecraft.util.thread.IAsyncTaskHandler.d(SourceFile:157) ~[spigot-1.18.2-R0.1-SNAPSHOT.jar:3467-Spigot-ffceeae-e6cc7c7]
	at net.minecraft.server.level.ChunkProviderServer$b.d(ChunkProviderServer.java:636) ~[spigot-1.18.2-R0.1-SNAPSHOT.jar:3467-Spigot-ffceeae-e6cc7c7]
	at net.minecraft.util.thread.IAsyncTaskHandler.y(SourceFile:131) ~[spigot-1.18.2-R0.1-SNAPSHOT.jar:3467-Spigot-ffceeae-e6cc7c7]
	at net.minecraft.server.level.ChunkProviderServer$b.y(ChunkProviderServer.java:647) ~[spigot-1.18.2-R0.1-SNAPSHOT.jar:3467-Spigot-ffceeae-e6cc7c7]
	at net.minecraft.server.level.ChunkProviderServer.d(ChunkProviderServer.java:322) ~[spigot-1.18.2-R0.1-SNAPSHOT.jar:3467-Spigot-ffceeae-e6cc7c7]
	at net.minecraft.server.MinecraftServer.be(MinecraftServer.java:1178) ~[spigot-1.18.2-R0.1-SNAPSHOT.jar:3467-Spigot-ffceeae-e6cc7c7]
	at net.minecraft.server.MinecraftServer.y(MinecraftServer.java:1162) ~[spigot-1.18.2-R0.1-SNAPSHOT.jar:3467-Spigot-ffceeae-e6cc7c7]
	at net.minecraft.util.thread.IAsyncTaskHandler.bo(SourceFile:116) ~[spigot-1.18.2-R0.1-SNAPSHOT.jar:3467-Spigot-ffceeae-e6cc7c7]
	at net.minecraft.server.MinecraftServer.x(MinecraftServer.java:1145) ~[spigot-1.18.2-R0.1-SNAPSHOT.jar:3467-Spigot-ffceeae-e6cc7c7]
	at net.minecraft.server.MinecraftServer.w(MinecraftServer.java:1051) ~[spigot-1.18.2-R0.1-SNAPSHOT.jar:3467-Spigot-ffceeae-e6cc7c7]
	at net.minecraft.server.MinecraftServer.lambda$0(MinecraftServer.java:304) ~[spigot-1.18.2-R0.1-SNAPSHOT.jar:3467-Spigot-ffceeae-e6cc7c7]
	at java.lang.Thread.run(Thread.java:833) [?:?]
[19:46:05] [Server thread/ERROR]: No key placement in MapLike[{config:{state_provider:{state:{Name:"minecraft:hay_block",Properties:{axis:"y"}},type:"minecraft:rotated_block_provider"}},type:"minecraft:block_pile"}]; No key feature in MapLike[{config:{state_provider:{state:{Name:"minecraft:hay_block",Properties:{axis:"y"}},type:"minecraft:rotated_block_provider"}},type:"minecraft:block_pile"}]
[19:46:05] [Server thread/ERROR]: Exception loading structure piece with id minecraft:jigsaw
java.lang.IllegalStateException: Invalid pool element found
	at net.minecraft.world.level.levelgen.structure.WorldGenFeaturePillagerOutpostPoolPiece.k(SourceFile:54) ~[spigot-1.18.2-R0.1-SNAPSHOT.jar:3467-Spigot-ffceeae-e6cc7c7]
	at java.util.Optional.orElseThrow(Optional.java:403) ~[?:?]
	at net.minecraft.world.level.levelgen.structure.WorldGenFeaturePillagerOutpostPoolPiece.<init>(SourceFile:54) ~[spigot-1.18.2-R0.1-SNAPSHOT.jar:3467-Spigot-ffceeae-e6cc7c7]
	at net.minecraft.world.level.levelgen.structure.pieces.PiecesContainer.a(SourceFile:73) ~[spigot-1.18.2-R0.1-SNAPSHOT.jar:3467-Spigot-ffceeae-e6cc7c7]
	at net.minecraft.world.level.levelgen.feature.StructureGenerator.a(SourceFile:129) ~[spigot-1.18.2-R0.1-SNAPSHOT.jar:3467-Spigot-ffceeae-e6cc7c7]
	at net.minecraft.world.level.chunk.storage.ChunkRegionLoader.a(ChunkRegionLoader.java:574) ~[spigot-1.18.2-R0.1-SNAPSHOT.jar:3467-Spigot-ffceeae-e6cc7c7]
	at net.minecraft.world.level.chunk.storage.ChunkRegionLoader.a(ChunkRegionLoader.java:250) ~[spigot-1.18.2-R0.1-SNAPSHOT.jar:3467-Spigot-ffceeae-e6cc7c7]
	at net.minecraft.server.level.PlayerChunkMap.lambda$23(PlayerChunkMap.java:617) ~[spigot-1.18.2-R0.1-SNAPSHOT.jar:3467-Spigot-ffceeae-e6cc7c7]
	at java.util.concurrent.CompletableFuture$AsyncSupply.run(CompletableFuture.java:1768) ~[?:?]
	at net.minecraft.util.thread.IAsyncTaskHandler.d(SourceFile:157) ~[spigot-1.18.2-R0.1-SNAPSHOT.jar:3467-Spigot-ffceeae-e6cc7c7]
	at net.minecraft.server.level.ChunkProviderServer$b.d(ChunkProviderServer.java:636) ~[spigot-1.18.2-R0.1-SNAPSHOT.jar:3467-Spigot-ffceeae-e6cc7c7]
	at net.minecraft.util.thread.IAsyncTaskHandler.y(SourceFile:131) ~[spigot-1.18.2-R0.1-SNAPSHOT.jar:3467-Spigot-ffceeae-e6cc7c7]
	at net.minecraft.server.level.ChunkProviderServer$b.y(ChunkProviderServer.java:647) ~[spigot-1.18.2-R0.1-SNAPSHOT.jar:3467-Spigot-ffceeae-e6cc7c7]
	at net.minecraft.server.level.ChunkProviderServer.d(ChunkProviderServer.java:322) ~[spigot-1.18.2-R0.1-SNAPSHOT.jar:3467-Spigot-ffceeae-e6cc7c7]
	at net.minecraft.server.MinecraftServer.be(MinecraftServer.java:1178) ~[spigot-1.18.2-R0.1-SNAPSHOT.jar:3467-Spigot-ffceeae-e6cc7c7]
	at net.minecraft.server.MinecraftServer.y(MinecraftServer.java:1162) ~[spigot-1.18.2-R0.1-SNAPSHOT.jar:3467-Spigot-ffceeae-e6cc7c7]
	at net.minecraft.util.thread.IAsyncTaskHandler.bo(SourceFile:116) ~[spigot-1.18.2-R0.1-SNAPSHOT.jar:3467-Spigot-ffceeae-e6cc7c7]
	at net.minecraft.server.MinecraftServer.x(MinecraftServer.java:1145) ~[spigot-1.18.2-R0.1-SNAPSHOT.jar:3467-Spigot-ffceeae-e6cc7c7]
	at net.minecraft.server.MinecraftServer.w(MinecraftServer.java:1051) ~[spigot-1.18.2-R0.1-SNAPSHOT.jar:3467-Spigot-ffceeae-e6cc7c7]
	at net.minecraft.server.MinecraftServer.lambda$0(MinecraftServer.java:304) ~[spigot-1.18.2-R0.1-SNAPSHOT.jar:3467-Spigot-ffceeae-e6cc7c7]
	at java.lang.Thread.run(Thread.java:833) [?:?]
[19:46:05] [Server thread/ERROR]: No key placement in MapLike[{config:{state_provider:{state:{Name:"minecraft:hay_block",Properties:{axis:"y"}},type:"minecraft:rotated_block_provider"}},type:"minecraft:block_pile"}]; No key feature in MapLike[{config:{state_provider:{state:{Name:"minecraft:hay_block",Properties:{axis:"y"}},type:"minecraft:rotated_block_provider"}},type:"minecraft:block_pile"}]
[19:46:05] [Server thread/ERROR]: Exception loading structure piece with id minecraft:jigsaw
java.lang.IllegalStateException: Invalid pool element found
	at net.minecraft.world.level.levelgen.structure.WorldGenFeaturePillagerOutpostPoolPiece.k(SourceFile:54) ~[spigot-1.18.2-R0.1-SNAPSHOT.jar:3467-Spigot-ffceeae-e6cc7c7]
	at java.util.Optional.orElseThrow(Optional.java:403) ~[?:?]
	at net.minecraft.world.level.levelgen.structure.WorldGenFeaturePillagerOutpostPoolPiece.<init>(SourceFile:54) ~[spigot-1.18.2-R0.1-SNAPSHOT.jar:3467-Spigot-ffceeae-e6cc7c7]
	at net.minecraft.world.level.levelgen.structure.pieces.PiecesContainer.a(SourceFile:73) ~[spigot-1.18.2-R0.1-SNAPSHOT.jar:3467-Spigot-ffceeae-e6cc7c7]
	at net.minecraft.world.level.levelgen.feature.StructureGenerator.a(SourceFile:129) ~[spigot-1.18.2-R0.1-SNAPSHOT.jar:3467-Spigot-ffceeae-e6cc7c7]
	at net.minecraft.world.level.chunk.storage.ChunkRegionLoader.a(ChunkRegionLoader.java:574) ~[spigot-1.18.2-R0.1-SNAPSHOT.jar:3467-Spigot-ffceeae-e6cc7c7]
	at net.minecraft.world.level.chunk.storage.ChunkRegionLoader.a(ChunkRegionLoader.java:250) ~[spigot-1.18.2-R0.1-SNAPSHOT.jar:3467-Spigot-ffceeae-e6cc7c7]
	at net.minecraft.server.level.PlayerChunkMap.lambda$23(PlayerChunkMap.java:617) ~[spigot-1.18.2-R0.1-SNAPSHOT.jar:3467-Spigot-ffceeae-e6cc7c7]
	at java.util.concurrent.CompletableFuture$AsyncSupply.run(CompletableFuture.java:1768) ~[?:?]
	at net.minecraft.util.thread.IAsyncTaskHandler.d(SourceFile:157) ~[spigot-1.18.2-R0.1-SNAPSHOT.jar:3467-Spigot-ffceeae-e6cc7c7]
	at net.minecraft.server.level.ChunkProviderServer$b.d(ChunkProviderServer.java:636) ~[spigot-1.18.2-R0.1-SNAPSHOT.jar:3467-Spigot-ffceeae-e6cc7c7]
	at net.minecraft.util.thread.IAsyncTaskHandler.y(SourceFile:131) ~[spigot-1.18.2-R0.1-SNAPSHOT.jar:3467-Spigot-ffceeae-e6cc7c7]
	at net.minecraft.server.level.ChunkProviderServer$b.y(ChunkProviderServer.java:647) ~[spigot-1.18.2-R0.1-SNAPSHOT.jar:3467-Spigot-ffceeae-e6cc7c7]
	at net.minecraft.server.level.ChunkProviderServer.d(ChunkProviderServer.java:322) ~[spigot-1.18.2-R0.1-SNAPSHOT.jar:3467-Spigot-ffceeae-e6cc7c7]
	at net.minecraft.server.MinecraftServer.be(MinecraftServer.java:1178) ~[spigot-1.18.2-R0.1-SNAPSHOT.jar:3467-Spigot-ffceeae-e6cc7c7]
	at net.minecraft.server.MinecraftServer.y(MinecraftServer.java:1162) ~[spigot-1.18.2-R0.1-SNAPSHOT.jar:3467-Spigot-ffceeae-e6cc7c7]
	at net.minecraft.util.thread.IAsyncTaskHandler.bo(SourceFile:116) ~[spigot-1.18.2-R0.1-SNAPSHOT.jar:3467-Spigot-ffceeae-e6cc7c7]
	at net.minecraft.server.MinecraftServer.x(MinecraftServer.java:1145) ~[spigot-1.18.2-R0.1-SNAPSHOT.jar:3467-Spigot-ffceeae-e6cc7c7]
	at net.minecraft.server.MinecraftServer.w(MinecraftServer.java:1051) ~[spigot-1.18.2-R0.1-SNAPSHOT.jar:3467-Spigot-ffceeae-e6cc7c7]
	at net.minecraft.server.MinecraftServer.lambda$0(MinecraftServer.java:304) ~[spigot-1.18.2-R0.1-SNAPSHOT.jar:3467-Spigot-ffceeae-e6cc7c7]
	at java.lang.Thread.run(Thread.java:833) [?:?]
[19:46:11] [Server thread/INFO]: Saving the game (this may take a moment!)
[19:46:11] [Server thread/INFO]: Saved the game
[20:01:11] [Server thread/INFO]: Saving the game (this may take a moment!)
[20:01:11] [Server thread/INFO]: Saved the game
[20:02:13] [Server thread/WARN]: Piquero moved too quickly! 2.0416607899839647,0.0,13.62950188064724
[20:07:56] [Server thread/WARN]: Unreconstructed moved wrongly!
[20:15:18] [Async Chat Thread - #0/INFO]: <Piquero> do siebie poszedle??
[20:15:21] [Async Chat Thread - #0/INFO]: <Unreconstructed> nie nie
[20:15:25] [Async Chat Thread - #0/INFO]: <Unreconstructed> zwiedzam u ciebie
[20:15:28] [Async Chat Thread - #0/INFO]: <Piquero> ok
[20:16:11] [Server thread/INFO]: Saving the game (this may take a moment!)
[20:16:11] [Server thread/INFO]: Saved the game
[20:31:11] [Server thread/INFO]: Saving the game (this may take a moment!)
[20:31:11] [Server thread/INFO]: Saved the game
[20:41:56] [Server thread/INFO]: Unreconstructed lost connection: Disconnected
[20:41:56] [Server thread/INFO]: Unreconstructed left the game
[20:46:11] [Server thread/INFO]: Saving the game (this may take a moment!)
[20:46:11] [Server thread/INFO]: Saved the game
[20:49:19] [User Authenticator #14/INFO]: UUID of player Unreconstructed is b046a6ce-7c4a-3211-b772-5ab61d43896d
[20:49:20] [Server thread/INFO]: Unreconstructed[/217.97.84.38:1715] logged in with entity id 156416 at ([world]-50.763635250297824, 71.0, 285.1645211112798)
[21:01:11] [Server thread/INFO]: Saving the game (this may take a moment!)
[21:01:11] [Server thread/INFO]: Saved the game
[21:06:20] [Server thread/INFO]: Unreconstructed lost connection: Disconnected
[21:06:20] [Server thread/INFO]: Unreconstructed left the game
[21:16:11] [Server thread/INFO]: Saving the game (this may take a moment!)
[21:16:11] [Server thread/INFO]: Saved the game
[21:31:11] [Server thread/INFO]: Saving the game (this may take a moment!)
[21:31:11] [Server thread/INFO]: Saved the game
[21:46:11] [Server thread/INFO]: Saving the game (this may take a moment!)
[21:46:11] [Server thread/INFO]: Saved the game
[22:01:11] [Server thread/INFO]: Saving the game (this may take a moment!)
[22:01:11] [Server thread/INFO]: Saved the game
[22:01:21] [Server thread/INFO]: Piquero lost connection: Disconnected
[22:01:21] [Server thread/INFO]: Piquero left the game
