[2023-11-27 13:53:26Z INFO HostContext] No proxy settings were found based on environmental variables (http_proxy/https_proxy/HTTP_PROXY/HTTPS_PROXY)
[2023-11-27 13:53:26Z INFO HostContext] Well known directory 'Bin': 'X:\Mc Serv\Minecraft-serv\actions-runner\bin'
[2023-11-27 13:53:26Z INFO HostContext] Well known directory 'Root': 'X:\Mc Serv\Minecraft-serv\actions-runner'
[2023-11-27 13:53:26Z INFO HostContext] Well known config file 'Credentials': 'X:\Mc Serv\Minecraft-serv\actions-runner\.credentials'
[2023-11-27 13:53:26Z INFO HostContext] Well known directory 'Bin': 'X:\Mc Serv\Minecraft-serv\actions-runner\bin'
[2023-11-27 13:53:26Z INFO HostContext] Well known directory 'Root': 'X:\Mc Serv\Minecraft-serv\actions-runner'
[2023-11-27 13:53:26Z INFO HostContext] Well known config file 'Runner': 'X:\Mc Serv\Minecraft-serv\actions-runner\.runner'
[2023-11-27 13:53:26Z INFO Listener] Runner is built for Windows (X64) - win-x64.
[2023-11-27 13:53:26Z INFO Listener] RuntimeInformation: Microsoft Windows 10.0.19045.
[2023-11-27 13:53:26Z INFO Listener] Version: 2.311.0
[2023-11-27 13:53:26Z INFO Listener] Commit: f5cff308c83746dddd726a9a28a1583872305aaa
[2023-11-27 13:53:26Z INFO Listener] Culture: pl-PL
[2023-11-27 13:53:26Z INFO Listener] UI Culture: pl-PL
[2023-11-27 13:53:26Z INFO HostContext] Well known directory 'Bin': 'X:\Mc Serv\Minecraft-serv\actions-runner\bin'
[2023-11-27 13:53:26Z INFO HostContext] Well known directory 'Root': 'X:\Mc Serv\Minecraft-serv\actions-runner'
[2023-11-27 13:53:26Z INFO Listener] Validating directory permissions for: 'X:\Mc Serv\Minecraft-serv\actions-runner'
[2023-11-27 13:53:26Z INFO CommandLineParser] Parse
[2023-11-27 13:53:26Z INFO CommandLineParser] Parsing 1 args
[2023-11-27 13:53:26Z INFO CommandLineParser] parsing argument
[2023-11-27 13:53:26Z INFO CommandLineParser] HasArgs: False
[2023-11-27 13:53:26Z INFO CommandLineParser] Adding Command: run
[2023-11-27 13:53:26Z INFO Listener] Arguments parsed
[2023-11-27 13:53:26Z INFO Runner] ExecuteCommand
[2023-11-27 13:53:26Z INFO ConfigurationStore] currentAssemblyLocation: X:\Mc Serv\Minecraft-serv\actions-runner\bin\Runner.Listener.dll
[2023-11-27 13:53:26Z INFO HostContext] Well known directory 'Bin': 'X:\Mc Serv\Minecraft-serv\actions-runner\bin'
[2023-11-27 13:53:26Z INFO ConfigurationStore] binPath: X:\Mc Serv\Minecraft-serv\actions-runner\bin
[2023-11-27 13:53:26Z INFO HostContext] Well known directory 'Bin': 'X:\Mc Serv\Minecraft-serv\actions-runner\bin'
[2023-11-27 13:53:26Z INFO HostContext] Well known directory 'Root': 'X:\Mc Serv\Minecraft-serv\actions-runner'
[2023-11-27 13:53:26Z INFO ConfigurationStore] RootFolder: X:\Mc Serv\Minecraft-serv\actions-runner
[2023-11-27 13:53:26Z INFO HostContext] Well known directory 'Bin': 'X:\Mc Serv\Minecraft-serv\actions-runner\bin'
[2023-11-27 13:53:26Z INFO HostContext] Well known directory 'Root': 'X:\Mc Serv\Minecraft-serv\actions-runner'
[2023-11-27 13:53:26Z INFO HostContext] Well known config file 'Runner': 'X:\Mc Serv\Minecraft-serv\actions-runner\.runner'
[2023-11-27 13:53:26Z INFO ConfigurationStore] ConfigFilePath: X:\Mc Serv\Minecraft-serv\actions-runner\.runner
[2023-11-27 13:53:26Z INFO HostContext] Well known directory 'Bin': 'X:\Mc Serv\Minecraft-serv\actions-runner\bin'
[2023-11-27 13:53:26Z INFO HostContext] Well known directory 'Root': 'X:\Mc Serv\Minecraft-serv\actions-runner'
[2023-11-27 13:53:26Z INFO HostContext] Well known config file 'Credentials': 'X:\Mc Serv\Minecraft-serv\actions-runner\.credentials'
[2023-11-27 13:53:26Z INFO ConfigurationStore] CredFilePath: X:\Mc Serv\Minecraft-serv\actions-runner\.credentials
[2023-11-27 13:53:26Z INFO HostContext] Well known directory 'Bin': 'X:\Mc Serv\Minecraft-serv\actions-runner\bin'
[2023-11-27 13:53:26Z INFO HostContext] Well known directory 'Root': 'X:\Mc Serv\Minecraft-serv\actions-runner'
[2023-11-27 13:53:26Z INFO HostContext] Well known config file 'MigratedCredentials': 'X:\Mc Serv\Minecraft-serv\actions-runner\.credentials_migrated'
[2023-11-27 13:53:26Z INFO ConfigurationStore] MigratedCredFilePath: X:\Mc Serv\Minecraft-serv\actions-runner\.credentials_migrated
[2023-11-27 13:53:26Z INFO HostContext] Well known directory 'Bin': 'X:\Mc Serv\Minecraft-serv\actions-runner\bin'
[2023-11-27 13:53:26Z INFO HostContext] Well known directory 'Root': 'X:\Mc Serv\Minecraft-serv\actions-runner'
[2023-11-27 13:53:26Z INFO HostContext] Well known config file 'Service': 'X:\Mc Serv\Minecraft-serv\actions-runner\.service'
[2023-11-27 13:53:26Z INFO ConfigurationStore] ServiceConfigFilePath: X:\Mc Serv\Minecraft-serv\actions-runner\.service
[2023-11-27 13:53:26Z INFO CommandSettings] Flag 'help': 'False'
[2023-11-27 13:53:26Z INFO CommandSettings] Flag 'version': 'False'
[2023-11-27 13:53:26Z INFO CommandSettings] Flag 'commit': 'False'
[2023-11-27 13:53:26Z INFO CommandSettings] Flag 'check': 'False'
[2023-11-27 13:53:26Z INFO CommandSettings] Command 'configure': 'False'
[2023-11-27 13:53:26Z INFO CommandSettings] Command 'remove': 'False'
[2023-11-27 13:53:26Z INFO CommandSettings] Command 'warmup': 'False'
[2023-11-27 13:53:26Z INFO ConfigurationManager] LoadSettings
[2023-11-27 13:53:26Z INFO ConfigurationStore] IsConfigured()
[2023-11-27 13:53:26Z INFO ConfigurationStore] IsConfigured: True
[2023-11-27 13:53:26Z INFO ConfigurationManager] Is configured: True
[2023-11-27 13:53:26Z INFO ConfigurationStore] Read setting file: 331 chars
[2023-11-27 13:53:26Z INFO ConfigurationManager] Settings Loaded
[2023-11-27 13:53:26Z INFO ConfigurationStore] IsServiceConfigured()
[2023-11-27 13:53:26Z INFO ConfigurationStore] IsServiceConfigured: False
[2023-11-27 13:53:26Z INFO CommandSettings] Command 'run': 'True'
[2023-11-27 13:53:26Z INFO ConfigurationStore] IsConfigured()
[2023-11-27 13:53:26Z INFO ConfigurationStore] IsConfigured: True
[2023-11-27 13:53:26Z INFO ConfigurationManager] Is configured: True
[2023-11-27 13:53:26Z INFO Runner] Could not parse the argument value '' for StartupType. Defaulting to Manual
[2023-11-27 13:53:26Z INFO Runner] Set runner startup type - Manual
[2023-11-27 13:53:26Z INFO CommandSettings] Flag 'once': 'False'
[2023-11-27 13:53:26Z INFO CommandSettings] Flag 'once': 'False'
[2023-11-27 13:53:26Z INFO Runner] RunAsync
[2023-11-27 13:53:26Z INFO ConfigurationManager] LoadSettings
[2023-11-27 13:53:26Z INFO ConfigurationStore] IsConfigured()
[2023-11-27 13:53:26Z INFO ConfigurationStore] IsConfigured: True
[2023-11-27 13:53:26Z INFO ConfigurationManager] Is configured: True
[2023-11-27 13:53:26Z INFO ConfigurationManager] Settings Loaded
[2023-11-27 13:53:26Z INFO MessageListener] {
  "AgentId": 2,
  "AgentName": "DESKTOP-ED747UP",
  "PoolId": 1,
  "PoolName": "Default",
  "ServerUrl": "https://pipelinesghubeus5.actions.githubusercontent.com/UiRFWaknQKc6he9kZzDHEul0Cbrt5pelX5s5RdIaejNaeIi4MC/",
  "GitHubUrl": "https://github.com/Scaling-skills/Minecraft-serv",
  "WorkFolder": "Minecrfat launcerz"
}
[2023-11-27 13:53:26Z INFO MessageListener] Loading Credentials
[2023-11-27 13:53:26Z INFO ConfigurationStore] HasCredentials()
[2023-11-27 13:53:26Z INFO ConfigurationStore] stored True
[2023-11-27 13:53:26Z INFO CredentialManager] GetCredentialProvider
[2023-11-27 13:53:26Z INFO CredentialManager] Creating type OAuth
[2023-11-27 13:53:26Z INFO CredentialManager] Creating credential type: OAuth
[2023-11-27 13:53:26Z INFO HostContext] Well known directory 'Bin': 'X:\Mc Serv\Minecraft-serv\actions-runner\bin'
[2023-11-27 13:53:26Z INFO HostContext] Well known directory 'Root': 'X:\Mc Serv\Minecraft-serv\actions-runner'
[2023-11-27 13:53:26Z INFO HostContext] Well known config file 'RSACredentials': 'X:\Mc Serv\Minecraft-serv\actions-runner\.credentials_rsaparams'
[2023-11-27 13:53:26Z INFO RSAEncryptedFileKeyManager] Loading RSA key parameters from file X:\Mc Serv\Minecraft-serv\actions-runner\.credentials_rsaparams
[2023-11-27 13:53:26Z INFO MessageListener] Attempt to create session.
[2023-11-27 13:53:26Z INFO MessageListener] Connecting to the Runner Server...
[2023-11-27 13:53:26Z INFO RunnerServer] EstablishVssConnection
[2023-11-27 13:53:26Z INFO RunnerServer] Establish connection with 100 seconds timeout.
[2023-11-27 13:53:26Z INFO GitHubActionsService] Starting operation Location.GetConnectionData
[2023-11-27 13:53:26Z INFO RunnerServer] EstablishVssConnection
[2023-11-27 13:53:26Z INFO RunnerServer] Establish connection with 60 seconds timeout.
[2023-11-27 13:53:26Z INFO GitHubActionsService] Starting operation Location.GetConnectionData
[2023-11-27 13:53:26Z INFO RunnerServer] EstablishVssConnection
[2023-11-27 13:53:26Z INFO RunnerServer] Establish connection with 60 seconds timeout.
[2023-11-27 13:53:26Z INFO GitHubActionsService] Starting operation Location.GetConnectionData
[2023-11-27 13:53:27Z INFO GitHubActionsService] Finished operation Location.GetConnectionData
[2023-11-27 13:53:27Z INFO GitHubActionsService] Finished operation Location.GetConnectionData
[2023-11-27 13:53:27Z INFO GitHubActionsService] Finished operation Location.GetConnectionData
[2023-11-27 13:53:27Z INFO MessageListener] VssConnection created
[2023-11-27 13:53:27Z INFO Terminal] WRITE LINE: 
[2023-11-27 13:53:27Z INFO Terminal] WRITE LINE: 
[2023-11-27 13:53:27Z INFO RSAEncryptedFileKeyManager] Loading RSA key parameters from file X:\Mc Serv\Minecraft-serv\actions-runner\.credentials_rsaparams
[2023-11-27 13:53:27Z INFO RSAEncryptedFileKeyManager] Loading RSA key parameters from file X:\Mc Serv\Minecraft-serv\actions-runner\.credentials_rsaparams
[2023-11-27 13:53:28Z INFO GitHubActionsService] AAD Correlation ID for this token request: Unknown
[2023-11-27 13:53:28Z INFO MessageListener] Session created.
[2023-11-27 13:53:28Z INFO Terminal] WRITE LINE: Current runner version: '2.311.0'
[2023-11-27 13:53:28Z INFO Terminal] WRITE LINE: 2023-11-27 13:53:28Z: Listening for Jobs
[2023-11-27 13:53:28Z INFO JobDispatcher] Set runner/worker IPC timeout to 30 seconds.
[2023-11-27 13:53:32Z INFO RSAEncryptedFileKeyManager] Loading RSA key parameters from file X:\Mc Serv\Minecraft-serv\actions-runner\.credentials_rsaparams
[2023-11-27 13:53:32Z INFO MessageListener] Message '1' received from session 'f7e8f179-563d-42bb-a8d6-dac310d1627b'.
[2023-11-27 13:53:32Z INFO Runner] Received job message of length 23103 from service, with hash 'b4fb1455525de6116e6c6232ce1e87d54c19fd3cd1dba0e1802df03b9deaaad9'
[2023-11-27 13:53:32Z INFO JobDispatcher] Job request 1 for plan c086516d-8d28-4509-a25c-d9e724b6ac0c job ca395085-040a-526b-2ce8-bdc85f692774 received.
[2023-11-27 13:53:32Z INFO JobDispatcher] Pull OrchestrationId c086516d-8d28-4509-a25c-d9e724b6ac0c.build.__default from JWT claims
[2023-11-27 13:53:32Z INFO Terminal] WRITE LINE: 2023-11-27 13:53:32Z: Running job: build
[2023-11-27 13:53:32Z INFO JobDispatcher] Start renew job request 1 for job ca395085-040a-526b-2ce8-bdc85f692774.
[2023-11-27 13:53:32Z INFO JobDispatcher] Successfully renew job request 1, job is valid till 27.11.2023 14:03:33
[2023-11-27 13:53:32Z INFO HostContext] Well known directory 'Bin': 'X:\Mc Serv\Minecraft-serv\actions-runner\bin'
[2023-11-27 13:53:32Z INFO ProcessInvokerWrapper] Starting process:
[2023-11-27 13:53:32Z INFO ProcessInvokerWrapper]   File name: 'X:\Mc Serv\Minecraft-serv\actions-runner\bin\Runner.Worker.exe'
[2023-11-27 13:53:32Z INFO ProcessInvokerWrapper]   Arguments: 'spawnclient 2164 2176'
[2023-11-27 13:53:32Z INFO ProcessInvokerWrapper]   Working directory: 'X:\Mc Serv\Minecraft-serv\actions-runner\bin'
[2023-11-27 13:53:32Z INFO ProcessInvokerWrapper]   Require exit code zero: 'False'
[2023-11-27 13:53:32Z INFO ProcessInvokerWrapper]   Encoding web name:  ; code page: ''
[2023-11-27 13:53:32Z INFO ProcessInvokerWrapper]   Force kill process on cancellation: 'True'
[2023-11-27 13:53:32Z INFO ProcessInvokerWrapper]   Redirected STDIN: 'False'
[2023-11-27 13:53:32Z INFO ProcessInvokerWrapper]   Persist current code page: 'False'
[2023-11-27 13:53:32Z INFO ProcessInvokerWrapper]   Keep redirected STDIN open: 'False'
[2023-11-27 13:53:32Z INFO ProcessInvokerWrapper]   High priority process: 'True'
[2023-11-27 13:53:32Z INFO ProcessInvokerWrapper] Process started with process id 15672, waiting for process exit.
[2023-11-27 13:53:32Z INFO JobDispatcher] Send job request message to worker for job ca395085-040a-526b-2ce8-bdc85f692774.
[2023-11-27 13:53:32Z INFO ProcessChannel] Sending message of length 23103, with hash 'b4fb1455525de6116e6c6232ce1e87d54c19fd3cd1dba0e1802df03b9deaaad9'
[2023-11-27 13:53:32Z INFO JobNotification] Entering JobStarted Notification
[2023-11-27 13:53:32Z INFO JobNotification] Entering StartMonitor
[2023-11-27 13:54:32Z INFO JobDispatcher] Successfully renew job request 1, job is valid till 27.11.2023 14:04:33
[2023-11-27 13:55:32Z INFO JobDispatcher] Successfully renew job request 1, job is valid till 27.11.2023 14:05:34
[2023-11-27 13:55:41Z INFO ProcessInvokerWrapper] STDOUT/STDERR stream read finished.
[2023-11-27 13:55:41Z INFO ProcessInvokerWrapper] STDOUT/STDERR stream read finished.
[2023-11-27 13:55:42Z INFO ProcessInvokerWrapper] Finished process 15672 with exit code 102, and elapsed time 00:02:09.5409941.
[2023-11-27 13:55:42Z INFO JobDispatcher] Worker finished for job ca395085-040a-526b-2ce8-bdc85f692774. Code: 102
[2023-11-27 13:55:42Z INFO JobDispatcher] finish job request for job ca395085-040a-526b-2ce8-bdc85f692774 with result: Failed
[2023-11-27 13:55:42Z INFO Terminal] WRITE LINE: 2023-11-27 13:55:42Z: Job build completed with result: Failed
[2023-11-27 13:55:42Z INFO JobDispatcher] Stop renew job request for job ca395085-040a-526b-2ce8-bdc85f692774.
[2023-11-27 13:55:42Z INFO JobDispatcher] job renew has been cancelled, stop renew job request 1.
[2023-11-27 13:55:42Z INFO JobNotification] Entering JobCompleted Notification
[2023-11-27 13:55:42Z INFO JobNotification] Entering EndMonitor
[2023-11-27 13:59:53Z INFO HostContext] Runner will be shutdown for UserCancelled
[2023-11-27 13:59:53Z WARN GitHubActionsService] GET request to https://pipelinesghubeus5.actions.githubusercontent.com/UiRFWaknQKc6he9kZzDHEul0Cbrt5pelX5s5RdIaejNaeIi4MC/_apis/distributedtask/pools/1/messages?sessionId=f7e8f179-563d-42bb-a8d6-dac310d1627b&lastMessageId=1&status=Online&runnerVersion=2.311.0&os=Windows&architecture=X64 has been cancelled.
[2023-11-27 13:59:53Z INFO MessageListener] Get next message has been cancelled.
[2023-11-27 13:59:53Z INFO JobDispatcher] Shutting down JobDispatcher. Make sure all WorkerDispatcher has finished.
[2023-11-27 13:59:53Z INFO JobDispatcher] Ensure WorkerDispatcher for job ca395085-040a-526b-2ce8-bdc85f692774 run to finish, cancel any running job.
[2023-11-27 13:59:53Z INFO JobDispatcher] Job request ca395085-040a-526b-2ce8-bdc85f692774 processed succeed.
