[2023-11-27 13:42:51Z INFO HostContext] No proxy settings were found based on environmental variables (http_proxy/https_proxy/HTTP_PROXY/HTTPS_PROXY)
[2023-11-27 13:42:51Z INFO HostContext] Well known directory 'Bin': 'X:\Mc Serv\Minecraft-serv\actions-runner\bin'
[2023-11-27 13:42:51Z INFO HostContext] Well known directory 'Root': 'X:\Mc Serv\Minecraft-serv\actions-runner'
[2023-11-27 13:42:51Z INFO HostContext] Well known config file 'Credentials': 'X:\Mc Serv\Minecraft-serv\actions-runner\.credentials'
[2023-11-27 13:42:51Z INFO HostContext] Well known directory 'Bin': 'X:\Mc Serv\Minecraft-serv\actions-runner\bin'
[2023-11-27 13:42:51Z INFO HostContext] Well known directory 'Root': 'X:\Mc Serv\Minecraft-serv\actions-runner'
[2023-11-27 13:42:51Z INFO HostContext] Well known config file 'Runner': 'X:\Mc Serv\Minecraft-serv\actions-runner\.runner'
[2023-11-27 13:42:51Z INFO Listener] Runner is built for Windows (X64) - win-x64.
[2023-11-27 13:42:51Z INFO Listener] RuntimeInformation: Microsoft Windows 10.0.19045.
[2023-11-27 13:42:51Z INFO Listener] Version: 2.311.0
[2023-11-27 13:42:51Z INFO Listener] Commit: f5cff308c83746dddd726a9a28a1583872305aaa
[2023-11-27 13:42:51Z INFO Listener] Culture: pl-PL
[2023-11-27 13:42:51Z INFO Listener] UI Culture: pl-PL
[2023-11-27 13:42:51Z INFO HostContext] Well known directory 'Bin': 'X:\Mc Serv\Minecraft-serv\actions-runner\bin'
[2023-11-27 13:42:51Z INFO HostContext] Well known directory 'Root': 'X:\Mc Serv\Minecraft-serv\actions-runner'
[2023-11-27 13:42:51Z INFO Listener] Validating directory permissions for: 'X:\Mc Serv\Minecraft-serv\actions-runner'
[2023-11-27 13:42:51Z INFO CommandLineParser] Parse
[2023-11-27 13:42:51Z INFO CommandLineParser] Parsing 5 args
[2023-11-27 13:42:51Z INFO CommandLineParser] parsing argument
[2023-11-27 13:42:51Z INFO CommandLineParser] HasArgs: False
[2023-11-27 13:42:51Z INFO CommandLineParser] Adding Command: configure
[2023-11-27 13:42:51Z INFO CommandLineParser] parsing argument
[2023-11-27 13:42:51Z INFO CommandLineParser] HasArgs: True
[2023-11-27 13:42:51Z INFO CommandLineParser] arg: url
[2023-11-27 13:42:51Z INFO CommandLineParser] parsing argument
[2023-11-27 13:42:51Z INFO CommandLineParser] HasArgs: True
[2023-11-27 13:42:51Z INFO CommandLineParser] Adding option 'url': 'https://github.com/Scaling-skills/Minecraft-serv'
[2023-11-27 13:42:51Z INFO CommandLineParser] parsing argument
[2023-11-27 13:42:51Z INFO CommandLineParser] HasArgs: True
[2023-11-27 13:42:51Z INFO CommandLineParser] arg: token
[2023-11-27 13:42:51Z INFO CommandLineParser] parsing argument
[2023-11-27 13:42:51Z INFO CommandLineParser] HasArgs: True
[2023-11-27 13:42:51Z INFO CommandLineParser] Adding option 'token': '***'
[2023-11-27 13:42:51Z INFO Listener] Arguments parsed
[2023-11-27 13:42:52Z INFO Runner] ExecuteCommand
[2023-11-27 13:42:52Z INFO ConfigurationStore] currentAssemblyLocation: X:\Mc Serv\Minecraft-serv\actions-runner\bin\Runner.Listener.dll
[2023-11-27 13:42:52Z INFO HostContext] Well known directory 'Bin': 'X:\Mc Serv\Minecraft-serv\actions-runner\bin'
[2023-11-27 13:42:52Z INFO ConfigurationStore] binPath: X:\Mc Serv\Minecraft-serv\actions-runner\bin
[2023-11-27 13:42:52Z INFO HostContext] Well known directory 'Bin': 'X:\Mc Serv\Minecraft-serv\actions-runner\bin'
[2023-11-27 13:42:52Z INFO HostContext] Well known directory 'Root': 'X:\Mc Serv\Minecraft-serv\actions-runner'
[2023-11-27 13:42:52Z INFO ConfigurationStore] RootFolder: X:\Mc Serv\Minecraft-serv\actions-runner
[2023-11-27 13:42:52Z INFO HostContext] Well known directory 'Bin': 'X:\Mc Serv\Minecraft-serv\actions-runner\bin'
[2023-11-27 13:42:52Z INFO HostContext] Well known directory 'Root': 'X:\Mc Serv\Minecraft-serv\actions-runner'
[2023-11-27 13:42:52Z INFO HostContext] Well known config file 'Runner': 'X:\Mc Serv\Minecraft-serv\actions-runner\.runner'
[2023-11-27 13:42:52Z INFO ConfigurationStore] ConfigFilePath: X:\Mc Serv\Minecraft-serv\actions-runner\.runner
[2023-11-27 13:42:52Z INFO HostContext] Well known directory 'Bin': 'X:\Mc Serv\Minecraft-serv\actions-runner\bin'
[2023-11-27 13:42:52Z INFO HostContext] Well known directory 'Root': 'X:\Mc Serv\Minecraft-serv\actions-runner'
[2023-11-27 13:42:52Z INFO HostContext] Well known config file 'Credentials': 'X:\Mc Serv\Minecraft-serv\actions-runner\.credentials'
[2023-11-27 13:42:52Z INFO ConfigurationStore] CredFilePath: X:\Mc Serv\Minecraft-serv\actions-runner\.credentials
[2023-11-27 13:42:52Z INFO HostContext] Well known directory 'Bin': 'X:\Mc Serv\Minecraft-serv\actions-runner\bin'
[2023-11-27 13:42:52Z INFO HostContext] Well known directory 'Root': 'X:\Mc Serv\Minecraft-serv\actions-runner'
[2023-11-27 13:42:52Z INFO HostContext] Well known config file 'MigratedCredentials': 'X:\Mc Serv\Minecraft-serv\actions-runner\.credentials_migrated'
[2023-11-27 13:42:52Z INFO ConfigurationStore] MigratedCredFilePath: X:\Mc Serv\Minecraft-serv\actions-runner\.credentials_migrated
[2023-11-27 13:42:52Z INFO HostContext] Well known directory 'Bin': 'X:\Mc Serv\Minecraft-serv\actions-runner\bin'
[2023-11-27 13:42:52Z INFO HostContext] Well known directory 'Root': 'X:\Mc Serv\Minecraft-serv\actions-runner'
[2023-11-27 13:42:52Z INFO HostContext] Well known config file 'Service': 'X:\Mc Serv\Minecraft-serv\actions-runner\.service'
[2023-11-27 13:42:52Z INFO ConfigurationStore] ServiceConfigFilePath: X:\Mc Serv\Minecraft-serv\actions-runner\.service
[2023-11-27 13:42:52Z INFO CommandSettings] Flag 'help': 'False'
[2023-11-27 13:42:52Z INFO CommandSettings] Flag 'version': 'False'
[2023-11-27 13:42:52Z INFO CommandSettings] Flag 'commit': 'False'
[2023-11-27 13:42:52Z INFO CommandSettings] Flag 'check': 'False'
[2023-11-27 13:42:52Z INFO CommandSettings] Command 'configure': 'True'
[2023-11-27 13:42:52Z INFO Terminal] WRITE LINE: 
[2023-11-27 13:42:52Z INFO Terminal] WRITE LINE: --------------------------------------------------------------------------------
[2023-11-27 13:42:52Z INFO Terminal] WRITE LINE: |        ____ _ _   _   _       _          _        _   _                      |
[2023-11-27 13:42:52Z INFO Terminal] WRITE LINE: |       / ___(_) |_| | | |_   _| |__      / \   ___| |_(_) ___  _ __  ___      |
[2023-11-27 13:42:52Z INFO Terminal] WRITE LINE: |      | |  _| | __| |_| | | | | '_ \    / _ \ / __| __| |/ _ \| '_ \/ __|     |
[2023-11-27 13:42:52Z INFO Terminal] WRITE LINE: |      | |_| | | |_|  _  | |_| | |_) |  / ___ \ (__| |_| | (_) | | | \__ \     |
[2023-11-27 13:42:52Z INFO Terminal] WRITE LINE: |       \____|_|\__|_| |_|\__,_|_.__/  /_/   \_\___|\__|_|\___/|_| |_|___/     |
[2023-11-27 13:42:52Z INFO Terminal] WRITE LINE: |                                                                              |
[2023-11-27 13:42:52Z INFO Terminal] WRITE: |                       
[2023-11-27 13:42:52Z INFO Terminal] WRITE: Self-hosted runner registration
[2023-11-27 13:42:52Z INFO Terminal] WRITE LINE:                         |
[2023-11-27 13:42:52Z INFO Terminal] WRITE LINE: |                                                                              |
[2023-11-27 13:42:52Z INFO Terminal] WRITE LINE: --------------------------------------------------------------------------------
[2023-11-27 13:42:52Z INFO ConfigurationManager] ConfigureAsync
[2023-11-27 13:42:52Z INFO CommandSettings] Flag 'generateServiceConfig': 'False'
[2023-11-27 13:42:52Z INFO ConfigurationStore] IsConfigured()
[2023-11-27 13:42:52Z INFO ConfigurationStore] IsConfigured: False
[2023-11-27 13:42:52Z INFO ConfigurationManager] Is configured: False
[2023-11-27 13:42:52Z INFO CommandSettings] Arg 'url': 'https://github.com/Scaling-skills/Minecraft-serv'
[2023-11-27 13:42:52Z INFO CommandSettings] Remove url from Arg dictionary.
[2023-11-27 13:42:52Z INFO CommandSettings] Arg 'token': '***'
[2023-11-27 13:42:52Z INFO CommandSettings] Remove token from Arg dictionary.
[2023-11-27 13:42:53Z INFO ConfigurationManager] Http response code: OK from 'POST https://api.github.com/actions/runner-registration' (7968:CBAE:F45C8CE:F78805A:65649CDE)
[2023-11-27 13:42:53Z INFO ConfigurationManager] Using V2 flow: False
[2023-11-27 13:42:53Z INFO ConfigurationManager] cred retrieved via GitHub auth
[2023-11-27 13:42:53Z INFO RunnerServer] EstablishVssConnection
[2023-11-27 13:42:53Z INFO RunnerServer] Establish connection with 100 seconds timeout.
[2023-11-27 13:42:53Z INFO GitHubActionsService] Starting operation Location.GetConnectionData
[2023-11-27 13:42:53Z INFO RunnerServer] EstablishVssConnection
[2023-11-27 13:42:53Z INFO RunnerServer] Establish connection with 60 seconds timeout.
[2023-11-27 13:42:53Z INFO GitHubActionsService] Starting operation Location.GetConnectionData
[2023-11-27 13:42:53Z INFO RunnerServer] EstablishVssConnection
[2023-11-27 13:42:53Z INFO RunnerServer] Establish connection with 60 seconds timeout.
[2023-11-27 13:42:53Z INFO GitHubActionsService] Starting operation Location.GetConnectionData
[2023-11-27 13:42:54Z INFO GitHubActionsService] Finished operation Location.GetConnectionData
[2023-11-27 13:42:54Z INFO GitHubActionsService] Finished operation Location.GetConnectionData
[2023-11-27 13:42:54Z INFO GitHubActionsService] Finished operation Location.GetConnectionData
[2023-11-27 13:42:54Z INFO Terminal] WRITE LINE: 
[2023-11-27 13:42:54Z INFO ConfigurationManager] Test Connection complete.
[2023-11-27 13:42:54Z INFO HostContext] Well known directory 'Bin': 'X:\Mc Serv\Minecraft-serv\actions-runner\bin'
[2023-11-27 13:42:54Z INFO HostContext] Well known directory 'Root': 'X:\Mc Serv\Minecraft-serv\actions-runner'
[2023-11-27 13:42:54Z INFO HostContext] Well known config file 'RSACredentials': 'X:\Mc Serv\Minecraft-serv\actions-runner\.credentials_rsaparams'
[2023-11-27 13:42:54Z INFO RSAEncryptedFileKeyManager] Creating new RSA key using 2048-bit key length
[2023-11-27 13:42:54Z INFO RSAEncryptedFileKeyManager] Successfully saved RSA key parameters to file X:\Mc Serv\Minecraft-serv\actions-runner\.credentials_rsaparams
[2023-11-27 13:42:54Z INFO CommandSettings] Arg 'runnergroup': ''
[2023-11-27 13:42:54Z INFO CommandSettings] Flag 'unattended': 'False'
[2023-11-27 13:42:54Z INFO PromptManager] ReadValue
[2023-11-27 13:42:54Z INFO Terminal] WRITE: Enter the name of the runner group to add this runner to: 
[2023-11-27 13:42:54Z INFO Terminal] WRITE: [press Enter for Default] 
[2023-11-27 13:42:54Z INFO Terminal] READ LINE
[2023-11-27 13:42:59Z INFO Terminal] Read value: ''
[2023-11-27 13:42:59Z INFO PromptManager] Falling back to the default: 'Default'
[2023-11-27 13:42:59Z INFO Terminal] WRITE LINE: 
[2023-11-27 13:42:59Z INFO ConfigurationManager] Found a self-hosted runner group with id 1 and name Default
[2023-11-27 13:42:59Z INFO CommandSettings] Flag 'disableupdate': 'False'
[2023-11-27 13:42:59Z INFO CommandSettings] Flag 'ephemeral': 'False'
[2023-11-27 13:42:59Z INFO CommandSettings] Arg 'name': ''
[2023-11-27 13:42:59Z INFO CommandSettings] Flag 'unattended': 'False'
[2023-11-27 13:42:59Z INFO PromptManager] ReadValue
[2023-11-27 13:42:59Z INFO Terminal] WRITE: Enter the name of runner: 
[2023-11-27 13:42:59Z INFO Terminal] WRITE: [press Enter for DESKTOP-ED747UP] 
[2023-11-27 13:42:59Z INFO Terminal] READ LINE
[2023-11-27 13:43:01Z INFO Terminal] Read value: ''
[2023-11-27 13:43:01Z INFO PromptManager] Falling back to the default: 'DESKTOP-ED747UP'
[2023-11-27 13:43:01Z INFO Terminal] WRITE LINE: 
[2023-11-27 13:43:01Z INFO CommandSettings] Arg 'labels': ''
[2023-11-27 13:43:01Z INFO CommandSettings] Flag 'unattended': 'False'
[2023-11-27 13:43:01Z INFO PromptManager] ReadValue
[2023-11-27 13:43:01Z INFO Terminal] WRITE: This runner will have the following labels: 'self-hosted', 'Windows', 'X64' 
Enter any additional labels (ex. label-1,label-2): 
[2023-11-27 13:43:01Z INFO Terminal] WRITE: [press Enter to skip] 
[2023-11-27 13:43:01Z INFO Terminal] READ LINE
[2023-11-27 13:43:04Z INFO Terminal] Read value: ''
[2023-11-27 13:43:04Z INFO Terminal] WRITE LINE: 
[2023-11-27 13:43:04Z INFO CommandSettings] Flag 'disableupdate': 'False'
[2023-11-27 13:43:04Z INFO CommandSettings] Flag 'no-default-labels': 'False'
[2023-11-27 13:43:04Z INFO CommandSettings] Flag 'disableupdate': 'False'
[2023-11-27 13:43:04Z INFO CommandSettings] Flag 'ephemeral': 'False'
[2023-11-27 13:43:04Z INFO ConfigurationStore] Saving OAuth credential @ X:\Mc Serv\Minecraft-serv\actions-runner\.credentials
[2023-11-27 13:43:04Z INFO ConfigurationStore] Credentials Saved.
[2023-11-27 13:43:04Z INFO ConfigurationStore] HasCredentials()
[2023-11-27 13:43:04Z INFO ConfigurationStore] stored True
[2023-11-27 13:43:04Z INFO CredentialManager] GetCredentialProvider
[2023-11-27 13:43:04Z INFO CredentialManager] Creating type OAuth
[2023-11-27 13:43:04Z INFO CredentialManager] Creating credential type: OAuth
[2023-11-27 13:43:04Z INFO RSAEncryptedFileKeyManager] Loading RSA key parameters from file X:\Mc Serv\Minecraft-serv\actions-runner\.credentials_rsaparams
[2023-11-27 13:43:04Z INFO RunnerServer] EstablishVssConnection
[2023-11-27 13:43:04Z INFO RunnerServer] Establish connection with 100 seconds timeout.
[2023-11-27 13:43:04Z INFO GitHubActionsService] Starting operation Location.GetConnectionData
[2023-11-27 13:43:04Z INFO RunnerServer] EstablishVssConnection
[2023-11-27 13:43:04Z INFO RunnerServer] Establish connection with 60 seconds timeout.
[2023-11-27 13:43:04Z INFO GitHubActionsService] Starting operation Location.GetConnectionData
[2023-11-27 13:43:04Z INFO RunnerServer] EstablishVssConnection
[2023-11-27 13:43:04Z INFO RunnerServer] Establish connection with 60 seconds timeout.
[2023-11-27 13:43:04Z INFO GitHubActionsService] Starting operation Location.GetConnectionData
[2023-11-27 13:43:05Z INFO GitHubActionsService] Finished operation Location.GetConnectionData
[2023-11-27 13:43:05Z INFO GitHubActionsService] Finished operation Location.GetConnectionData
[2023-11-27 13:43:05Z INFO GitHubActionsService] Finished operation Location.GetConnectionData
[2023-11-27 13:43:05Z INFO RSAEncryptedFileKeyManager] Loading RSA key parameters from file X:\Mc Serv\Minecraft-serv\actions-runner\.credentials_rsaparams
[2023-11-27 13:43:05Z INFO RSAEncryptedFileKeyManager] Loading RSA key parameters from file X:\Mc Serv\Minecraft-serv\actions-runner\.credentials_rsaparams
[2023-11-27 13:43:06Z INFO GitHubActionsService] AAD Correlation ID for this token request: Unknown
[2023-11-27 13:43:06Z INFO CommandSettings] Arg 'work': ''
[2023-11-27 13:43:06Z INFO CommandSettings] Flag 'unattended': 'False'
[2023-11-27 13:43:06Z INFO PromptManager] ReadValue
[2023-11-27 13:43:06Z INFO Terminal] WRITE: Enter name of work folder: 
[2023-11-27 13:43:06Z INFO Terminal] WRITE: [press Enter for _work] 
[2023-11-27 13:43:06Z INFO Terminal] READ LINE
[2023-11-27 13:43:15Z INFO Terminal] Read value: 'Minecrfat launcerz'
[2023-11-27 13:43:15Z INFO ConfigurationStore] Saving runner settings.
[2023-11-27 13:43:15Z INFO ConfigurationStore] Settings Saved.
[2023-11-27 13:43:15Z INFO Terminal] WRITE LINE: 
[2023-11-27 13:43:15Z INFO Terminal] WRITE LINE: 
[2023-11-27 13:43:15Z INFO CommandSettings] Flag 'runasservice': 'False'
[2023-11-27 13:43:15Z INFO CommandSettings] Flag 'unattended': 'False'
[2023-11-27 13:43:15Z INFO PromptManager] ReadValue
[2023-11-27 13:43:15Z INFO Terminal] WRITE: Would you like to run the runner as service? (Y/N) 
[2023-11-27 13:43:15Z INFO Terminal] WRITE: [press Enter for N] 
[2023-11-27 13:43:15Z INFO Terminal] READ LINE
[2023-11-27 13:43:19Z INFO Terminal] Read value: 'y'
[2023-11-27 13:43:19Z INFO ConfigurationManager] Configuring to run the agent as service
[2023-11-27 13:43:19Z ERR  WindowsServiceControlManager] Needs Administrator privileges for configure runner as windows service.
[2023-11-27 13:43:19Z ERR  Runner] System.Security.SecurityException: Needs Administrator privileges for configuring runner as windows service.
   at GitHub.Runner.Listener.Configuration.WindowsServiceControlManager.ConfigureService(RunnerSettings settings, CommandSettings command)
   at GitHub.Runner.Listener.Configuration.ConfigurationManager.ConfigureAsync(CommandSettings command)
   at GitHub.Runner.Listener.Runner.ExecuteCommand(CommandSettings command)
[2023-11-27 13:43:19Z ERR  Terminal] WRITE ERROR: Needs Administrator privileges for configuring runner as windows service.
[2023-11-27 13:43:19Z INFO Listener] Runner execution has finished with return code 1
