[2023-11-27 14:01:03Z INFO HostContext] No proxy settings were found based on environmental variables (http_proxy/https_proxy/HTTP_PROXY/HTTPS_PROXY)
[2023-11-27 14:01:03Z INFO HostContext] Well known directory 'Bin': 'X:\Mc-Serv\Minecraft-serv\actions-runner\bin'
[2023-11-27 14:01:03Z INFO HostContext] Well known directory 'Root': 'X:\Mc-Serv\Minecraft-serv\actions-runner'
[2023-11-27 14:01:03Z INFO HostContext] Well known config file 'Credentials': 'X:\Mc-Serv\Minecraft-serv\actions-runner\.credentials'
[2023-11-27 14:01:03Z INFO HostContext] Well known directory 'Bin': 'X:\Mc-Serv\Minecraft-serv\actions-runner\bin'
[2023-11-27 14:01:03Z INFO HostContext] Well known directory 'Root': 'X:\Mc-Serv\Minecraft-serv\actions-runner'
[2023-11-27 14:01:03Z INFO HostContext] Well known config file 'Runner': 'X:\Mc-Serv\Minecraft-serv\actions-runner\.runner'
[2023-11-27 14:01:04Z INFO Listener] Runner is built for Windows (X64) - win-x64.
[2023-11-27 14:01:04Z INFO Listener] RuntimeInformation: Microsoft Windows 10.0.19045.
[2023-11-27 14:01:04Z INFO Listener] Version: 2.311.0
[2023-11-27 14:01:04Z INFO Listener] Commit: f5cff308c83746dddd726a9a28a1583872305aaa
[2023-11-27 14:01:04Z INFO Listener] Culture: pl-PL
[2023-11-27 14:01:04Z INFO Listener] UI Culture: pl-PL
[2023-11-27 14:01:04Z INFO HostContext] Well known directory 'Bin': 'X:\Mc-Serv\Minecraft-serv\actions-runner\bin'
[2023-11-27 14:01:04Z INFO HostContext] Well known directory 'Root': 'X:\Mc-Serv\Minecraft-serv\actions-runner'
[2023-11-27 14:01:04Z INFO Listener] Validating directory permissions for: 'X:\Mc-Serv\Minecraft-serv\actions-runner'
[2023-11-27 14:01:04Z INFO CommandLineParser] Parse
[2023-11-27 14:01:04Z INFO CommandLineParser] Parsing 1 args
[2023-11-27 14:01:04Z INFO CommandLineParser] parsing argument
[2023-11-27 14:01:04Z INFO CommandLineParser] HasArgs: False
[2023-11-27 14:01:04Z INFO CommandLineParser] Adding Command: run
[2023-11-27 14:01:04Z INFO Listener] Arguments parsed
[2023-11-27 14:01:04Z INFO Runner] ExecuteCommand
[2023-11-27 14:01:04Z INFO ConfigurationStore] currentAssemblyLocation: X:\Mc-Serv\Minecraft-serv\actions-runner\bin\Runner.Listener.dll
[2023-11-27 14:01:04Z INFO HostContext] Well known directory 'Bin': 'X:\Mc-Serv\Minecraft-serv\actions-runner\bin'
[2023-11-27 14:01:04Z INFO ConfigurationStore] binPath: X:\Mc-Serv\Minecraft-serv\actions-runner\bin
[2023-11-27 14:01:04Z INFO HostContext] Well known directory 'Bin': 'X:\Mc-Serv\Minecraft-serv\actions-runner\bin'
[2023-11-27 14:01:04Z INFO HostContext] Well known directory 'Root': 'X:\Mc-Serv\Minecraft-serv\actions-runner'
[2023-11-27 14:01:04Z INFO ConfigurationStore] RootFolder: X:\Mc-Serv\Minecraft-serv\actions-runner
[2023-11-27 14:01:04Z INFO HostContext] Well known directory 'Bin': 'X:\Mc-Serv\Minecraft-serv\actions-runner\bin'
[2023-11-27 14:01:04Z INFO HostContext] Well known directory 'Root': 'X:\Mc-Serv\Minecraft-serv\actions-runner'
[2023-11-27 14:01:04Z INFO HostContext] Well known config file 'Runner': 'X:\Mc-Serv\Minecraft-serv\actions-runner\.runner'
[2023-11-27 14:01:04Z INFO ConfigurationStore] ConfigFilePath: X:\Mc-Serv\Minecraft-serv\actions-runner\.runner
[2023-11-27 14:01:04Z INFO HostContext] Well known directory 'Bin': 'X:\Mc-Serv\Minecraft-serv\actions-runner\bin'
[2023-11-27 14:01:04Z INFO HostContext] Well known directory 'Root': 'X:\Mc-Serv\Minecraft-serv\actions-runner'
[2023-11-27 14:01:04Z INFO HostContext] Well known config file 'Credentials': 'X:\Mc-Serv\Minecraft-serv\actions-runner\.credentials'
[2023-11-27 14:01:04Z INFO ConfigurationStore] CredFilePath: X:\Mc-Serv\Minecraft-serv\actions-runner\.credentials
[2023-11-27 14:01:04Z INFO HostContext] Well known directory 'Bin': 'X:\Mc-Serv\Minecraft-serv\actions-runner\bin'
[2023-11-27 14:01:04Z INFO HostContext] Well known directory 'Root': 'X:\Mc-Serv\Minecraft-serv\actions-runner'
[2023-11-27 14:01:04Z INFO HostContext] Well known config file 'MigratedCredentials': 'X:\Mc-Serv\Minecraft-serv\actions-runner\.credentials_migrated'
[2023-11-27 14:01:04Z INFO ConfigurationStore] MigratedCredFilePath: X:\Mc-Serv\Minecraft-serv\actions-runner\.credentials_migrated
[2023-11-27 14:01:04Z INFO HostContext] Well known directory 'Bin': 'X:\Mc-Serv\Minecraft-serv\actions-runner\bin'
[2023-11-27 14:01:04Z INFO HostContext] Well known directory 'Root': 'X:\Mc-Serv\Minecraft-serv\actions-runner'
[2023-11-27 14:01:04Z INFO HostContext] Well known config file 'Service': 'X:\Mc-Serv\Minecraft-serv\actions-runner\.service'
[2023-11-27 14:01:04Z INFO ConfigurationStore] ServiceConfigFilePath: X:\Mc-Serv\Minecraft-serv\actions-runner\.service
[2023-11-27 14:01:04Z INFO CommandSettings] Flag 'help': 'False'
[2023-11-27 14:01:04Z INFO CommandSettings] Flag 'version': 'False'
[2023-11-27 14:01:04Z INFO CommandSettings] Flag 'commit': 'False'
[2023-11-27 14:01:04Z INFO CommandSettings] Flag 'check': 'False'
[2023-11-27 14:01:04Z INFO CommandSettings] Command 'configure': 'False'
[2023-11-27 14:01:04Z INFO CommandSettings] Command 'remove': 'False'
[2023-11-27 14:01:04Z INFO CommandSettings] Command 'warmup': 'False'
[2023-11-27 14:01:04Z INFO ConfigurationManager] LoadSettings
[2023-11-27 14:01:04Z INFO ConfigurationStore] IsConfigured()
[2023-11-27 14:01:04Z INFO ConfigurationStore] IsConfigured: True
[2023-11-27 14:01:04Z INFO ConfigurationManager] Is configured: True
[2023-11-27 14:01:04Z INFO ConfigurationStore] Read setting file: 331 chars
[2023-11-27 14:01:04Z INFO ConfigurationManager] Settings Loaded
[2023-11-27 14:01:04Z INFO ConfigurationStore] IsServiceConfigured()
[2023-11-27 14:01:04Z INFO ConfigurationStore] IsServiceConfigured: False
[2023-11-27 14:01:04Z INFO CommandSettings] Command 'run': 'True'
[2023-11-27 14:01:04Z INFO ConfigurationStore] IsConfigured()
[2023-11-27 14:01:04Z INFO ConfigurationStore] IsConfigured: True
[2023-11-27 14:01:04Z INFO ConfigurationManager] Is configured: True
[2023-11-27 14:01:04Z INFO Runner] Could not parse the argument value '' for StartupType. Defaulting to Manual
[2023-11-27 14:01:04Z INFO Runner] Set runner startup type - Manual
[2023-11-27 14:01:04Z INFO CommandSettings] Flag 'once': 'False'
[2023-11-27 14:01:04Z INFO CommandSettings] Flag 'once': 'False'
[2023-11-27 14:01:04Z INFO Runner] RunAsync
[2023-11-27 14:01:04Z INFO ConfigurationManager] LoadSettings
[2023-11-27 14:01:04Z INFO ConfigurationStore] IsConfigured()
[2023-11-27 14:01:04Z INFO ConfigurationStore] IsConfigured: True
[2023-11-27 14:01:04Z INFO ConfigurationManager] Is configured: True
[2023-11-27 14:01:04Z INFO ConfigurationManager] Settings Loaded
[2023-11-27 14:01:04Z INFO MessageListener] {
  "AgentId": 2,
  "AgentName": "DESKTOP-ED747UP",
  "PoolId": 1,
  "PoolName": "Default",
  "ServerUrl": "https://pipelinesghubeus5.actions.githubusercontent.com/UiRFWaknQKc6he9kZzDHEul0Cbrt5pelX5s5RdIaejNaeIi4MC/",
  "GitHubUrl": "https://github.com/Scaling-skills/Minecraft-serv",
  "WorkFolder": "Minecrfat launcerz"
}
[2023-11-27 14:01:04Z INFO MessageListener] Loading Credentials
[2023-11-27 14:01:04Z INFO ConfigurationStore] HasCredentials()
[2023-11-27 14:01:04Z INFO ConfigurationStore] stored True
[2023-11-27 14:01:04Z INFO CredentialManager] GetCredentialProvider
[2023-11-27 14:01:04Z INFO CredentialManager] Creating type OAuth
[2023-11-27 14:01:04Z INFO CredentialManager] Creating credential type: OAuth
[2023-11-27 14:01:04Z INFO HostContext] Well known directory 'Bin': 'X:\Mc-Serv\Minecraft-serv\actions-runner\bin'
[2023-11-27 14:01:04Z INFO HostContext] Well known directory 'Root': 'X:\Mc-Serv\Minecraft-serv\actions-runner'
[2023-11-27 14:01:04Z INFO HostContext] Well known config file 'RSACredentials': 'X:\Mc-Serv\Minecraft-serv\actions-runner\.credentials_rsaparams'
[2023-11-27 14:01:04Z INFO RSAEncryptedFileKeyManager] Loading RSA key parameters from file X:\Mc-Serv\Minecraft-serv\actions-runner\.credentials_rsaparams
[2023-11-27 14:01:04Z INFO MessageListener] Attempt to create session.
[2023-11-27 14:01:04Z INFO MessageListener] Connecting to the Runner Server...
[2023-11-27 14:01:04Z INFO RunnerServer] EstablishVssConnection
[2023-11-27 14:01:04Z INFO RunnerServer] Establish connection with 100 seconds timeout.
[2023-11-27 14:01:04Z INFO GitHubActionsService] Starting operation Location.GetConnectionData
[2023-11-27 14:01:04Z INFO RunnerServer] EstablishVssConnection
[2023-11-27 14:01:04Z INFO RunnerServer] Establish connection with 60 seconds timeout.
[2023-11-27 14:01:04Z INFO GitHubActionsService] Starting operation Location.GetConnectionData
[2023-11-27 14:01:04Z INFO RunnerServer] EstablishVssConnection
[2023-11-27 14:01:04Z INFO RunnerServer] Establish connection with 60 seconds timeout.
[2023-11-27 14:01:04Z INFO GitHubActionsService] Starting operation Location.GetConnectionData
[2023-11-27 14:01:04Z INFO GitHubActionsService] Finished operation Location.GetConnectionData
[2023-11-27 14:01:04Z INFO GitHubActionsService] Finished operation Location.GetConnectionData
[2023-11-27 14:01:04Z INFO GitHubActionsService] Finished operation Location.GetConnectionData
[2023-11-27 14:01:04Z INFO MessageListener] VssConnection created
[2023-11-27 14:01:04Z INFO Terminal] WRITE LINE: 
[2023-11-27 14:01:04Z INFO Terminal] WRITE LINE: 
[2023-11-27 14:01:04Z INFO RSAEncryptedFileKeyManager] Loading RSA key parameters from file X:\Mc-Serv\Minecraft-serv\actions-runner\.credentials_rsaparams
[2023-11-27 14:01:04Z INFO RSAEncryptedFileKeyManager] Loading RSA key parameters from file X:\Mc-Serv\Minecraft-serv\actions-runner\.credentials_rsaparams
[2023-11-27 14:01:05Z INFO GitHubActionsService] AAD Correlation ID for this token request: Unknown
[2023-11-27 14:01:05Z INFO MessageListener] Session created.
[2023-11-27 14:01:05Z INFO Terminal] WRITE LINE: Current runner version: '2.311.0'
[2023-11-27 14:01:05Z INFO Terminal] WRITE LINE: 2023-11-27 14:01:05Z: Listening for Jobs
[2023-11-27 14:01:05Z INFO JobDispatcher] Set runner/worker IPC timeout to 30 seconds.
[2023-11-27 14:01:08Z INFO HostContext] Runner will be shutdown for UserCancelled
[2023-11-27 14:01:08Z WARN GitHubActionsService] GET request to https://pipelinesghubeus5.actions.githubusercontent.com/UiRFWaknQKc6he9kZzDHEul0Cbrt5pelX5s5RdIaejNaeIi4MC/_apis/distributedtask/pools/1/messages?sessionId=26b53ee5-ed23-44ab-80f5-9122e2197a94&status=Online&runnerVersion=2.311.0&os=Windows&architecture=X64 has been cancelled.
[2023-11-27 14:01:08Z INFO MessageListener] Get next message has been cancelled.
[2023-11-27 14:01:08Z INFO JobDispatcher] Shutting down JobDispatcher. Make sure all WorkerDispatcher has finished.
[2023-11-27 14:01:09Z INFO Listener] 